<?xml version="1.0" encoding="UTF-8"?>
<!-- Generated by org.testng.reporters.JUnitXMLReporter -->
<testsuite hostname="Lenovo-PC" ignored="0" name="Assert" tests="1" failures="1" timestamp="06 May 2019 00:23:15 GMT" time="9.997" errors="0">
  <testcase name="basePageNavigation" time="0.063" classname="Academy.validation">
    <failure type="java.lang.AssertionError" message="expected [Login2] but found [Login]">
      <![CDATA[java.lang.AssertionError: expected [Login2] but found [Login]
at Academy.validation.basePageNavigation(validation.java:39)
... Removed 31 stack frames]]>
    </failure>
  </testcase> <!-- basePageNavigation -->
</testsuite> <!-- Assert -->
