<?xml version="1.0" encoding="UTF-8"?>
<!-- Generated by org.testng.reporters.JUnitXMLReporter -->
<testsuite hostname="Lenovo-PC" ignored="0" name="Test" tests="3" failures="0" timestamp="06 May 2019 00:23:54 GMT" time="39.145" errors="0">
  <testcase name="basePageNavigation" time="19.031" classname="Academy.HomePage"/>
  <testcase name="basePageNavigation" time="8.37" classname="Academy.HomePage"/>
  <testcase name="basePageNavigation" time="8.244" classname="Academy.HomePage"/>
</testsuite> <!-- Test -->
