<?xml version="1.0" encoding="UTF-8"?>
<testsuite xmlns:xsi="http://www.w3.org/2001/XMLSchema-instance" xsi:noNamespaceSchemaLocation="https://maven.apache.org/surefire/maven-surefire-plugin/xsd/surefire-test-report-3.0.xsd" version="3.0" name="TestSuite" time="50.943" tests="4" errors="0" skipped="0" failures="0">
  <properties>
[...]
</properties>
  <testcase name="basePageNavigation" classname="Academy.validation" time="0.054"/>
  <testcase name="basePageNavigation" classname="Academy.HomePage" time="14.384"/>
  <testcase name="basePageNavigation" classname="Academy.HomePage" time="8.607"/>
  <testcase name="basePageNavigation" classname="Academy.HomePage" time="8.634"/>
</testsuite>