<?xml version="1.0" encoding="UTF-8"?>
<testng-results skipped="0" failed="0" ignored="0" total="4" passed="4">
  <reporter-output>
  </reporter-output>
  <suite name="Suite" duration-ms="50392" started-at="2019-05-05T23:34:14Z" finished-at="2019-05-05T23:35:04Z">
    <groups>
    </groups>
    <test name="Test" duration-ms="13190" started-at="2019-05-05T23:34:14Z" finished-at="2019-05-05T23:34:27Z">
      <class name="Academy.validation">
        <test-method status="PASS" signature="initialize()[pri:0, instance:Academy.validation@61dc03ce]" name="initialize" is-config="true" duration-ms="10799" started-at="2019-05-05T23:34:14Z" finished-at="2019-05-05T23:34:25Z">
          <reporter-output>
          </reporter-output>
        </test-method> <!-- initialize -->
        <test-method status="PASS" signature="basePageNavigation()[pri:0, instance:Academy.validation@61dc03ce]" name="basePageNavigation" duration-ms="54" started-at="2019-05-05T23:34:25Z" finished-at="2019-05-05T23:34:25Z">
          <reporter-output>
          </reporter-output>
        </test-method> <!-- basePageNavigation -->
        <test-method status="PASS" signature="teardown()[pri:0, instance:Academy.validation@61dc03ce]" name="teardown" is-config="true" duration-ms="2314" started-at="2019-05-05T23:34:25Z" finished-at="2019-05-05T23:34:27Z">
          <reporter-output>
          </reporter-output>
        </test-method> <!-- teardown -->
      </class> <!-- Academy.validation -->
    </test> <!-- Test -->
    <test name="Test1" duration-ms="37142" started-at="2019-05-05T23:34:27Z" finished-at="2019-05-05T23:35:04Z">
      <class name="Academy.HomePage">
        <test-method status="PASS" signature="initialize()[pri:0, instance:Academy.HomePage@48eff760]" name="initialize" is-config="true" duration-ms="3419" started-at="2019-05-05T23:34:27Z" finished-at="2019-05-05T23:34:31Z">
          <reporter-output>
          </reporter-output>
        </test-method> <!-- initialize -->
        <test-method status="PASS" signature="basePageNavigation(java.lang.String, java.lang.String)[pri:0, instance:Academy.HomePage@48eff760]" name="basePageNavigation" duration-ms="14384" started-at="2019-05-05T23:34:31Z" data-provider="getData" finished-at="2019-05-05T23:34:45Z">
          <params>
            <param index="0">
              <value>
                <![CDATA[abc@qw.com]]>
              </value>
            </param>
            <param index="1">
              <value>
                <![CDATA[123]]>
              </value>
            </param>
          </params>
          <reporter-output>
          </reporter-output>
        </test-method> <!-- basePageNavigation -->
        <test-method status="PASS" signature="basePageNavigation(java.lang.String, java.lang.String)[pri:0, instance:Academy.HomePage@48eff760]" name="basePageNavigation" duration-ms="8606" started-at="2019-05-05T23:34:45Z" data-provider="getData" finished-at="2019-05-05T23:34:54Z">
          <params>
            <param index="0">
              <value>
                <![CDATA[def@qw.com]]>
              </value>
            </param>
            <param index="1">
              <value>
                <![CDATA[456]]>
              </value>
            </param>
          </params>
          <reporter-output>
          </reporter-output>
        </test-method> <!-- basePageNavigation -->
        <test-method status="PASS" signature="basePageNavigation(java.lang.String, java.lang.String)[pri:0, instance:Academy.HomePage@48eff760]" name="basePageNavigation" duration-ms="8633" started-at="2019-05-05T23:34:54Z" data-provider="getData" finished-at="2019-05-05T23:35:02Z">
          <params>
            <param index="0">
              <value>
                <![CDATA[ghi@qw.com]]>
              </value>
            </param>
            <param index="1">
              <value>
                <![CDATA[789]]>
              </value>
            </param>
          </params>
          <reporter-output>
          </reporter-output>
        </test-method> <!-- basePageNavigation -->
        <test-method status="PASS" signature="teardown()[pri:0, instance:Academy.HomePage@48eff760]" name="teardown" is-config="true" duration-ms="2088" started-at="2019-05-05T23:35:02Z" finished-at="2019-05-05T23:35:04Z">
          <reporter-output>
          </reporter-output>
        </test-method> <!-- teardown -->
      </class> <!-- Academy.HomePage -->
    </test> <!-- Test1 -->
  </suite> <!-- Suite -->
</testng-results>
