<?xml version="1.0" encoding="UTF-8"?>
<testng-results skipped="0" failed="0" ignored="0" total="1" passed="1">
  <reporter-output>
  </reporter-output>
  <suite name="Default suite" duration-ms="12352" started-at="2019-05-15T23:42:29Z" finished-at="2019-05-15T23:42:41Z">
    <groups>
    </groups>
    <test name="Default test" duration-ms="12352" started-at="2019-05-15T23:42:29Z" finished-at="2019-05-15T23:42:41Z">
      <class name="Academy.validation">
        <test-method status="PASS" signature="initialize()[pri:0, instance:Academy.validation@4667ae56]" name="initialize" is-config="true" duration-ms="11928" started-at="2019-05-15T23:42:29Z" finished-at="2019-05-15T23:42:41Z">
          <reporter-output>
          </reporter-output>
        </test-method> <!-- initialize -->
        <test-method status="PASS" signature="basePageNavigation()[pri:0, instance:Academy.validation@4667ae56]" name="basePageNavigation" duration-ms="98" started-at="2019-05-15T23:42:41Z" finished-at="2019-05-15T23:42:41Z">
          <reporter-output>
          </reporter-output>
        </test-method> <!-- basePageNavigation -->
        <test-method status="PASS" signature="teardown()[pri:0, instance:Academy.validation@4667ae56]" name="teardown" is-config="true" duration-ms="297" started-at="2019-05-15T23:42:41Z" finished-at="2019-05-15T23:42:41Z">
          <reporter-output>
          </reporter-output>
        </test-method> <!-- teardown -->
      </class> <!-- Academy.validation -->
    </test> <!-- Default test -->
  </suite> <!-- Default suite -->
</testng-results>
